  lodepng.cpp
  main_file.cpp
C:\Users\weron\Documents\Gothic_cathedral\cylinder2.h(284609,32): warning C4305: "inicjowanie": obcięcie z "double" do "float"
C:\Users\weron\Documents\Gothic_cathedral\cylinder2.h(569214,27): warning C4305: "inicjowanie": obcięcie z "double" do "float"
C:\Users\weron\Documents\Gothic_cathedral\cylinder2.h(853819,20): warning C4305: "inicjowanie": obcięcie z "double" do "float"
C:\Users\weron\Documents\Gothic_cathedral\cylinder2.h(1138424,20): warning C4305: "inicjowanie": obcięcie z "double" do "float"
C:\Users\weron\Documents\Gothic_cathedral\cylinder0.h(47381,32): warning C4305: "inicjowanie": obcięcie z "double" do "float"
C:\Users\weron\Documents\Gothic_cathedral\cylinder0.h(94758,26): warning C4305: "inicjowanie": obcięcie z "double" do "float"
C:\Users\weron\Documents\Gothic_cathedral\cylinder0.h(142135,20): warning C4305: "inicjowanie": obcięcie z "double" do "float"
C:\Users\weron\Documents\Gothic_cathedral\cylinder0.h(189512,20): warning C4305: "inicjowanie": obcięcie z "double" do "float"
C:\Users\weron\Documents\Gothic_cathedral\stainedGlass8.h(53,32): warning C4305: "inicjowanie": obcięcie z "double" do "float"
C:\Users\weron\Documents\Gothic_cathedral\stainedGlass7.h(11,18): warning C4305: "inicjowanie": obcięcie z "double" do "float"
C:\Users\weron\Documents\Gothic_cathedral\stainedGlass6.h(11,27): warning C4305: "inicjowanie": obcięcie z "double" do "float"
C:\Users\weron\Documents\Gothic_cathedral\stainedGlass5.h(11,22): warning C4305: "inicjowanie": obcięcie z "double" do "float"
C:\Users\weron\Documents\Gothic_cathedral\stainedGlass4.h(11,18): warning C4305: "inicjowanie": obcięcie z "double" do "float"
C:\Users\weron\Documents\Gothic_cathedral\stainedGlass3.h(12,22): warning C4305: "inicjowanie": obcięcie z "double" do "float"
C:\Users\weron\Documents\Gothic_cathedral\stainedGlass2.h(30,26): warning C4305: "inicjowanie": obcięcie z "double" do "float"
C:\Users\weron\Documents\Gothic_cathedral\stainedGlass2.h(80,12): warning C4305: "inicjowanie": obcięcie z "double" do "float"
C:\Users\weron\Documents\Gothic_cathedral\stainedGlass1.h(30,26): warning C4305: "inicjowanie": obcięcie z "double" do "float"
C:\Users\weron\Documents\Gothic_cathedral\stainedGlass1.h(80,12): warning C4305: "inicjowanie": obcięcie z "double" do "float"
C:\Users\weron\Documents\Gothic_cathedral\plane18.h(347,32): warning C4305: "inicjowanie": obcięcie z "double" do "float"
C:\Users\weron\Documents\Gothic_cathedral\plane18.h(690,13): warning C4305: "inicjowanie": obcięcie z "double" do "float"
C:\Users\weron\Documents\Gothic_cathedral\plane18.h(1033,20): warning C4305: "inicjowanie": obcięcie z "double" do "float"
C:\Users\weron\Documents\Gothic_cathedral\plane18.h(1376,20): warning C4305: "inicjowanie": obcięcie z "double" do "float"
C:\Users\weron\Documents\Gothic_cathedral\plane014.h(317,25): warning C4305: "inicjowanie": obcięcie z "double" do "float"
C:\Users\weron\Documents\Gothic_cathedral\plane014.h(630,12): warning C4305: "inicjowanie": obcięcie z "double" do "float"
C:\Users\weron\Documents\Gothic_cathedral\plane014.h(943,19): warning C4305: "inicjowanie": obcięcie z "double" do "float"
C:\Users\weron\Documents\Gothic_cathedral\plane014.h(1256,20): warning C4305: "inicjowanie": obcięcie z "double" do "float"
C:\Users\weron\Documents\Gothic_cathedral\plane014.h(1569,20): warning C4305: "inicjowanie": obcięcie z "double" do "float"
C:\Users\weron\Documents\Gothic_cathedral\plane014v1.h(23,25): warning C4305: "inicjowanie": obcięcie z "double" do "float"
C:\Users\weron\Documents\Gothic_cathedral\plane014v1.h(61,21): warning C4305: "inicjowanie": obcięcie z "double" do "float"
C:\Users\weron\Documents\Gothic_cathedral\plane014v1.h(80,20): warning C4305: "inicjowanie": obcięcie z "double" do "float"
C:\Users\weron\Documents\Gothic_cathedral\plane014v1.h(99,20): warning C4305: "inicjowanie": obcięcie z "double" do "float"
C:\Users\weron\Documents\Gothic_cathedral\plane3.h(102245,32): warning C4305: "inicjowanie": obcięcie z "double" do "float"
C:\Users\weron\Documents\Gothic_cathedral\plane3.h(204486,21): warning C4305: "inicjowanie": obcięcie z "double" do "float"
C:\Users\weron\Documents\Gothic_cathedral\plane3.h(306727,21): warning C4305: "inicjowanie": obcięcie z "double" do "float"
C:\Users\weron\Documents\Gothic_cathedral\plane3.h(408968,20): warning C4305: "inicjowanie": obcięcie z "double" do "float"
C:\Users\weron\Documents\Gothic_cathedral\doors.h(11,22): warning C4305: "inicjowanie": obcięcie z "double" do "float"
C:\Users\weron\Documents\Gothic_cathedral\doors.h(32,23): warning C4305: "inicjowanie": obcięcie z "double" do "float"
C:\Users\weron\Documents\Gothic_cathedral\cube10.h(293,31): warning C4305: "inicjowanie": obcięcie z "double" do "float"
C:\Users\weron\Documents\Gothic_cathedral\cube10.h(582,24): warning C4305: "inicjowanie": obcięcie z "double" do "float"
C:\Users\weron\Documents\Gothic_cathedral\cube10.h(871,18): warning C4305: "inicjowanie": obcięcie z "double" do "float"
C:\Users\weron\Documents\Gothic_cathedral\cube10.h(1160,20): warning C4305: "inicjowanie": obcięcie z "double" do "float"
C:\Users\weron\Documents\Gothic_cathedral\cube3.h(191,33): warning C4305: "inicjowanie": obcięcie z "double" do "float"
C:\Users\weron\Documents\Gothic_cathedral\cube3.h(378,12): warning C4305: "inicjowanie": obcięcie z "double" do "float"
C:\Users\weron\Documents\Gothic_cathedral\cube3.h(565,22): warning C4305: "inicjowanie": obcięcie z "double" do "float"
C:\Users\weron\Documents\Gothic_cathedral\cube3.h(752,20): warning C4305: "inicjowanie": obcięcie z "double" do "float"
C:\Users\weron\Documents\Gothic_cathedral\circle562.h(2579,31): warning C4305: "inicjowanie": obcięcie z "double" do "float"
C:\Users\weron\Documents\Gothic_cathedral\circle562.h(5154,27): warning C4305: "inicjowanie": obcięcie z "double" do "float"
C:\Users\weron\Documents\Gothic_cathedral\circle562.h(7729,20): warning C4305: "inicjowanie": obcięcie z "double" do "float"
C:\Users\weron\Documents\Gothic_cathedral\circle562.h(10304,20): warning C4305: "inicjowanie": obcięcie z "double" do "float"
C:\Users\weron\Documents\Gothic_cathedral\circle50.h(10697,32): warning C4305: "inicjowanie": obcięcie z "double" do "float"
C:\Users\weron\Documents\Gothic_cathedral\circle50.h(21390,34): warning C4305: "inicjowanie": obcięcie z "double" do "float"
C:\Users\weron\Documents\Gothic_cathedral\circle50.h(32083,19): warning C4305: "inicjowanie": obcięcie z "double" do "float"
C:\Users\weron\Documents\Gothic_cathedral\circle50.h(42776,20): warning C4305: "inicjowanie": obcięcie z "double" do "float"
C:\Users\weron\Documents\Gothic_cathedral\circle238.h(55493,31): warning C4305: "inicjowanie": obcięcie z "double" do "float"
C:\Users\weron\Documents\Gothic_cathedral\circle238.h(110982,36): warning C4305: "inicjowanie": obcięcie z "double" do "float"
C:\Users\weron\Documents\Gothic_cathedral\circle238.h(166471,21): warning C4305: "inicjowanie": obcięcie z "double" do "float"
C:\Users\weron\Documents\Gothic_cathedral\circle238.h(221960,21): warning C4305: "inicjowanie": obcięcie z "double" do "float"
C:\Users\weron\Documents\Gothic_cathedral\circle48.h(35,32): warning C4305: "inicjowanie": obcięcie z "double" do "float"
C:\Users\weron\Documents\Gothic_cathedral\circle48.h(97,23): warning C4305: "inicjowanie": obcięcie z "double" do "float"
C:\Users\weron\Documents\Gothic_cathedral\circle48.h(128,20): warning C4305: "inicjowanie": obcięcie z "double" do "float"
C:\Users\weron\Documents\Gothic_cathedral\circle46.h(21917,31): warning C4305: "inicjowanie": obcięcie z "double" do "float"
C:\Users\weron\Documents\Gothic_cathedral\circle46.h(43830,33): warning C4305: "inicjowanie": obcięcie z "double" do "float"
C:\Users\weron\Documents\Gothic_cathedral\circle46.h(65743,21): warning C4305: "inicjowanie": obcięcie z "double" do "float"
C:\Users\weron\Documents\Gothic_cathedral\circle46.h(87656,20): warning C4305: "inicjowanie": obcięcie z "double" do "float"
C:\Users\weron\Documents\Gothic_cathedral\circle45.h(372031,31): warning C4305: "inicjowanie": obcięcie z "double" do "float"
C:\Users\weron\Documents\Gothic_cathedral\circle45.h(744058,34): warning C4305: "inicjowanie": obcięcie z "double" do "float"
C:\Users\weron\Documents\Gothic_cathedral\circle45.h(1116083,20): warning C4305: "inicjowanie": obcięcie z "double" do "float"
C:\Users\weron\Documents\Gothic_cathedral\circle45.h(1488108,20): warning C4305: "inicjowanie": obcięcie z "double" do "float"
C:\Users\weron\Documents\Gothic_cathedral\circle44.h(4793,32): warning C4305: "inicjowanie": obcięcie z "double" do "float"
C:\Users\weron\Documents\Gothic_cathedral\circle44.h(9582,37): warning C4305: "inicjowanie": obcięcie z "double" do "float"
C:\Users\weron\Documents\Gothic_cathedral\circle44.h(14371,20): warning C4305: "inicjowanie": obcięcie z "double" do "float"
C:\Users\weron\Documents\Gothic_cathedral\circle44.h(19160,20): warning C4305: "inicjowanie": obcięcie z "double" do "float"
C:\Users\weron\Documents\Gothic_cathedral\circle43.h(2381,31): warning C4305: "inicjowanie": obcięcie z "double" do "float"
C:\Users\weron\Documents\Gothic_cathedral\circle43.h(4758,28): warning C4305: "inicjowanie": obcięcie z "double" do "float"
C:\Users\weron\Documents\Gothic_cathedral\circle43.h(7135,20): warning C4305: "inicjowanie": obcięcie z "double" do "float"
C:\Users\weron\Documents\Gothic_cathedral\circle43.h(9512,20): warning C4305: "inicjowanie": obcięcie z "double" do "float"
C:\Users\weron\Documents\Gothic_cathedral\circle3.h(14597,32): warning C4305: "inicjowanie": obcięcie z "double" do "float"
C:\Users\weron\Documents\Gothic_cathedral\circle3.h(29190,28): warning C4305: "inicjowanie": obcięcie z "double" do "float"
C:\Users\weron\Documents\Gothic_cathedral\circle3.h(43783,19): warning C4305: "inicjowanie": obcięcie z "double" do "float"
C:\Users\weron\Documents\Gothic_cathedral\circle3.h(58376,19): warning C4305: "inicjowanie": obcięcie z "double" do "float"
C:\Users\weron\Documents\Gothic_cathedral\circle500.h(2309,31): warning C4305: "inicjowanie": obcięcie z "double" do "float"
C:\Users\weron\Documents\Gothic_cathedral\circle500.h(4614,38): warning C4305: "inicjowanie": obcięcie z "double" do "float"
C:\Users\weron\Documents\Gothic_cathedral\circle500.h(6919,21): warning C4305: "inicjowanie": obcięcie z "double" do "float"
C:\Users\weron\Documents\Gothic_cathedral\circle500.h(9224,19): warning C4305: "inicjowanie": obcięcie z "double" do "float"
C:\Users\weron\Documents\Gothic_cathedral\main_file.cpp(918,22): warning C4244: "=": konwersja z "double" do "float", możliwa utrata danych
C:\Users\weron\Documents\Gothic_cathedral\main_file.cpp(919,33): warning C4244: "+=": konwersja z "double" do "float", możliwa utrata danych
C:\Users\weron\Documents\Gothic_cathedral\main_file.cpp(920,37): warning C4244: "+=": konwersja z "double" do "float", możliwa utrata danych
  shaderprogram.cpp
  Generowanie kodu...
C:\Users\weron\Documents\Gothic_cathedral\main_file.cpp(921,37): warning C4244: "+=": konwersja z "double" do "float", możliwa utrata danych
  LINK : nie znaleziono elementu C:\Users\weron\Documents\Gothic_cathedral\Debug\pl_szkielet_06_win.exe ani nie został on skompilowany podczas ostatniego konsolidowania przyrostowego; zostanie wykonana pełna konsolidacja
  pl_szkielet_06_win.vcxproj -> C:\Users\weron\Documents\Gothic_cathedral\Debug\pl_szkielet_06_win.exe
